[2025-08-30 16:04:33] SIGNAL TRIGGERED for verification_id=ad4918ce0f1dd840543915b0dc06987c4148, is_verified=False
[2025-08-30 16:11:28] SIGNAL TRIGGERED for verification_id=59a0a0f901c4a8411c397b70e77143e54716, is_verified=False
[2025-08-30 16:13:35] SIGNAL TRIGGERED for verification_id=211bdfbf0bad384f8338fb90c17786298fcf, is_verified=False
[2025-08-30 16:13:35] TASK SENT for verification_id=211bdfbf0bad384f8338fb90c17786298fcf
[2025-08-30 16:19:23] Started check for verification_id=211bdfbf0bad384f8338fb90c17786298fcf
[2025-08-30 16:19:23] Got response: status=completed, verified=False
[2025-08-30 16:19:23] SIGNAL TRIGGERED for verification_id=211bdfbf0bad384f8338fb90c17786298fcf, is_verified=False
[2025-08-30 16:19:23] TASK SENT for verification_id=211bdfbf0bad384f8338fb90c17786298fcf
[2025-08-30 16:19:24] Verification updated: user_id=75, verification_id=211bdfbf0bad384f8338fb90c17786298fcf, is_verified=False
[2025-08-30 16:45:00] SIGNAL TRIGGERED for verification_id=d781fe0503a9f84baf3ba870a6a2dc67ec94, is_verified=False
[2025-08-30 16:45:00] TASK SENT for verification_id=d781fe0503a9f84baf3ba870a6a2dc67ec94
[2025-08-30 16:45:00] Started check for verification_id=d781fe0503a9f84baf3ba870a6a2dc67ec94
[2025-08-30 16:45:00] Got response: status=unused, verified=None
[2025-08-30 16:45:05] Started check for verification_id=d781fe0503a9f84baf3ba870a6a2dc67ec94
[2025-08-30 16:45:05] Got response: status=unused, verified=None
[2025-08-30 16:45:10] Started check for verification_id=d781fe0503a9f84baf3ba870a6a2dc67ec94
[2025-08-30 16:45:10] Got response: status=unused, verified=None
[2025-08-30 16:45:15] Started check for verification_id=d781fe0503a9f84baf3ba870a6a2dc67ec94
[2025-08-30 16:45:15] Got response: status=unused, verified=None
[2025-08-30 16:45:20] Started check for verification_id=d781fe0503a9f84baf3ba870a6a2dc67ec94
[2025-08-30 16:45:20] Got response: status=unused, verified=None
[2025-08-30 16:45:25] Started check for verification_id=d781fe0503a9f84baf3ba870a6a2dc67ec94
[2025-08-30 16:45:25] Got response: status=unused, verified=None
[2025-08-30 16:45:30] Started check for verification_id=d781fe0503a9f84baf3ba870a6a2dc67ec94
[2025-08-30 16:45:31] Got response: status=unused, verified=None
[2025-08-30 16:45:36] Started check for verification_id=d781fe0503a9f84baf3ba870a6a2dc67ec94
[2025-08-30 16:45:36] Got response: status=unused, verified=None
[2025-08-30 16:45:41] Started check for verification_id=d781fe0503a9f84baf3ba870a6a2dc67ec94
[2025-08-30 16:45:41] Got response: status=unused, verified=None
[2025-08-30 16:45:46] Started check for verification_id=d781fe0503a9f84baf3ba870a6a2dc67ec94
[2025-08-30 16:45:46] Got response: status=pending, verified=None
[2025-08-30 16:45:51] Started check for verification_id=d781fe0503a9f84baf3ba870a6a2dc67ec94
[2025-08-30 16:45:51] Got response: status=pending, verified=None
[2025-08-30 16:45:56] Started check for verification_id=d781fe0503a9f84baf3ba870a6a2dc67ec94
[2025-08-30 16:45:56] Got response: status=pending, verified=None
[2025-08-30 16:46:01] Started check for verification_id=d781fe0503a9f84baf3ba870a6a2dc67ec94
[2025-08-30 16:46:01] Got response: status=pending, verified=None
[2025-08-30 16:46:06] Started check for verification_id=d781fe0503a9f84baf3ba870a6a2dc67ec94
[2025-08-30 16:46:07] Got response: status=pending, verified=None
[2025-08-30 16:46:12] Started check for verification_id=d781fe0503a9f84baf3ba870a6a2dc67ec94
[2025-08-30 16:46:12] Got response: status=pending, verified=None
[2025-08-30 16:46:17] Started check for verification_id=d781fe0503a9f84baf3ba870a6a2dc67ec94
[2025-08-30 16:46:17] Got response: status=pending, verified=None
[2025-08-30 16:46:22] Started check for verification_id=d781fe0503a9f84baf3ba870a6a2dc67ec94
[2025-08-30 16:46:22] Got response: status=pending, verified=None
[2025-08-30 16:46:27] Started check for verification_id=d781fe0503a9f84baf3ba870a6a2dc67ec94
[2025-08-30 16:46:27] Got response: status=pending, verified=None
[2025-08-30 16:46:32] Started check for verification_id=d781fe0503a9f84baf3ba870a6a2dc67ec94
[2025-08-30 16:46:32] Got response: status=pending, verified=None
[2025-08-30 16:46:37] Started check for verification_id=d781fe0503a9f84baf3ba870a6a2dc67ec94
[2025-08-30 16:46:37] Got response: status=pending, verified=None
[2025-08-30 16:46:42] Started check for verification_id=d781fe0503a9f84baf3ba870a6a2dc67ec94
[2025-08-30 16:46:43] Got response: status=pending, verified=None
[2025-08-30 16:46:48] Started check for verification_id=d781fe0503a9f84baf3ba870a6a2dc67ec94
[2025-08-30 16:46:49] Got response: status=pending, verified=None
[2025-08-30 16:46:54] Started check for verification_id=d781fe0503a9f84baf3ba870a6a2dc67ec94
[2025-08-30 16:46:54] Got response: status=pending, verified=None
[2025-08-30 16:46:59] Started check for verification_id=d781fe0503a9f84baf3ba870a6a2dc67ec94
[2025-08-30 16:46:59] Got response: status=pending, verified=None
[2025-08-30 16:47:04] Started check for verification_id=d781fe0503a9f84baf3ba870a6a2dc67ec94
[2025-08-30 16:47:04] Got response: status=pending, verified=None
[2025-08-30 16:47:09] Started check for verification_id=d781fe0503a9f84baf3ba870a6a2dc67ec94
[2025-08-30 16:47:09] Got response: status=pending, verified=None
[2025-08-30 16:47:14] Started check for verification_id=d781fe0503a9f84baf3ba870a6a2dc67ec94
[2025-08-30 16:47:14] Got response: status=pending, verified=None
[2025-08-30 16:47:19] Started check for verification_id=d781fe0503a9f84baf3ba870a6a2dc67ec94
[2025-08-30 16:47:19] Got response: status=pending, verified=None
[2025-08-30 16:47:24] Started check for verification_id=d781fe0503a9f84baf3ba870a6a2dc67ec94
[2025-08-30 16:47:25] Got response: status=pending, verified=None
[2025-08-30 16:47:30] Started check for verification_id=d781fe0503a9f84baf3ba870a6a2dc67ec94
[2025-08-30 16:47:30] Got response: status=pending, verified=None
[2025-08-30 16:47:35] Started check for verification_id=d781fe0503a9f84baf3ba870a6a2dc67ec94
[2025-08-30 16:47:35] Got response: status=pending, verified=None
[2025-08-30 16:47:40] Started check for verification_id=d781fe0503a9f84baf3ba870a6a2dc67ec94
[2025-08-30 16:47:40] Got response: status=pending, verified=None
[2025-08-30 16:47:45] Started check for verification_id=d781fe0503a9f84baf3ba870a6a2dc67ec94
[2025-08-30 16:47:45] Got response: status=pending, verified=None
[2025-08-30 16:47:50] Started check for verification_id=d781fe0503a9f84baf3ba870a6a2dc67ec94
[2025-08-30 16:47:50] Got response: status=pending, verified=None
[2025-08-30 16:47:55] Started check for verification_id=d781fe0503a9f84baf3ba870a6a2dc67ec94
[2025-08-30 16:47:55] Got response: status=pending, verified=None
[2025-08-30 16:48:00] Started check for verification_id=d781fe0503a9f84baf3ba870a6a2dc67ec94
[2025-08-30 16:48:00] Got response: status=pending, verified=None
[2025-08-30 16:48:05] Started check for verification_id=d781fe0503a9f84baf3ba870a6a2dc67ec94
[2025-08-30 16:48:06] Got response: status=pending, verified=None
[2025-08-30 16:48:11] Started check for verification_id=d781fe0503a9f84baf3ba870a6a2dc67ec94
[2025-08-30 16:48:11] Got response: status=pending, verified=None
[2025-08-30 16:48:16] Started check for verification_id=d781fe0503a9f84baf3ba870a6a2dc67ec94
[2025-08-30 16:48:16] Got response: status=pending, verified=None
[2025-08-30 16:48:21] Started check for verification_id=d781fe0503a9f84baf3ba870a6a2dc67ec94
[2025-08-30 16:48:21] Got response: status=pending, verified=None
[2025-08-30 16:48:26] Started check for verification_id=d781fe0503a9f84baf3ba870a6a2dc67ec94
[2025-08-30 16:48:26] Got response: status=pending, verified=None
[2025-08-30 16:48:31] Started check for verification_id=d781fe0503a9f84baf3ba870a6a2dc67ec94
[2025-08-30 16:48:31] Got response: status=pending, verified=None
[2025-08-30 16:48:36] Started check for verification_id=d781fe0503a9f84baf3ba870a6a2dc67ec94
[2025-08-30 16:48:36] Got response: status=pending, verified=None
[2025-08-30 16:48:41] Started check for verification_id=d781fe0503a9f84baf3ba870a6a2dc67ec94
[2025-08-30 16:48:42] Got response: status=pending, verified=None
[2025-08-30 16:48:47] Started check for verification_id=d781fe0503a9f84baf3ba870a6a2dc67ec94
[2025-08-30 16:48:47] Got response: status=pending, verified=None
[2025-08-30 16:48:52] Started check for verification_id=d781fe0503a9f84baf3ba870a6a2dc67ec94
[2025-08-30 16:48:52] Got response: status=pending, verified=None
[2025-08-30 16:48:57] Started check for verification_id=d781fe0503a9f84baf3ba870a6a2dc67ec94
[2025-08-30 16:48:57] Got response: status=pending, verified=None
[2025-08-30 16:49:02] Started check for verification_id=d781fe0503a9f84baf3ba870a6a2dc67ec94
[2025-08-30 16:49:02] Got response: status=pending, verified=None
[2025-08-30 16:49:07] Started check for verification_id=d781fe0503a9f84baf3ba870a6a2dc67ec94
[2025-08-30 16:49:07] Got response: status=pending, verified=None
[2025-08-30 16:49:12] Started check for verification_id=d781fe0503a9f84baf3ba870a6a2dc67ec94
[2025-08-30 16:49:12] Got response: status=pending, verified=None
[2025-08-30 16:49:17] Started check for verification_id=d781fe0503a9f84baf3ba870a6a2dc67ec94
[2025-08-30 16:49:18] Got response: status=pending, verified=None
[2025-08-30 16:49:23] Started check for verification_id=d781fe0503a9f84baf3ba870a6a2dc67ec94
[2025-08-30 16:49:23] Got response: status=pending, verified=None
[2025-08-30 16:49:28] Started check for verification_id=d781fe0503a9f84baf3ba870a6a2dc67ec94
[2025-08-30 16:49:28] Got response: status=pending, verified=None
[2025-08-30 16:49:33] Started check for verification_id=d781fe0503a9f84baf3ba870a6a2dc67ec94
[2025-08-30 16:49:33] Got response: status=pending, verified=None
[2025-08-30 16:49:38] Started check for verification_id=d781fe0503a9f84baf3ba870a6a2dc67ec94
[2025-08-30 16:49:38] Got response: status=pending, verified=None
[2025-08-30 16:49:43] Started check for verification_id=d781fe0503a9f84baf3ba870a6a2dc67ec94
[2025-08-30 16:49:43] Got response: status=pending, verified=None
[2025-08-30 16:49:48] Started check for verification_id=d781fe0503a9f84baf3ba870a6a2dc67ec94
[2025-08-30 16:49:48] Got response: status=pending, verified=None
[2025-08-30 16:49:53] Started check for verification_id=d781fe0503a9f84baf3ba870a6a2dc67ec94
[2025-08-30 16:49:53] Got response: status=pending, verified=None
[2025-08-30 16:49:58] Started check for verification_id=d781fe0503a9f84baf3ba870a6a2dc67ec94
[2025-08-30 16:49:59] Got response: status=pending, verified=None
[2025-08-30 16:50:04] Started check for verification_id=d781fe0503a9f84baf3ba870a6a2dc67ec94
[2025-08-30 16:50:04] Got response: status=pending, verified=None
[2025-08-30 16:50:09] Started check for verification_id=d781fe0503a9f84baf3ba870a6a2dc67ec94
[2025-08-30 16:50:09] Got response: status=pending, verified=None
[2025-08-30 16:50:14] Started check for verification_id=d781fe0503a9f84baf3ba870a6a2dc67ec94
[2025-08-30 16:50:14] Got response: status=pending, verified=None
[2025-08-30 16:50:19] Started check for verification_id=d781fe0503a9f84baf3ba870a6a2dc67ec94
[2025-08-30 16:50:19] Got response: status=pending, verified=None
[2025-08-30 16:50:24] Started check for verification_id=d781fe0503a9f84baf3ba870a6a2dc67ec94
[2025-08-30 16:50:25] Got response: status=pending, verified=None
[2025-08-30 16:50:30] Started check for verification_id=d781fe0503a9f84baf3ba870a6a2dc67ec94
[2025-08-30 16:50:30] Got response: status=pending, verified=None
[2025-08-30 16:50:35] Started check for verification_id=d781fe0503a9f84baf3ba870a6a2dc67ec94
[2025-08-30 16:50:36] Got response: status=pending, verified=None
[2025-08-30 16:50:41] Started check for verification_id=d781fe0503a9f84baf3ba870a6a2dc67ec94
[2025-08-30 16:50:41] Got response: status=pending, verified=None
[2025-08-30 16:50:46] Started check for verification_id=d781fe0503a9f84baf3ba870a6a2dc67ec94
[2025-08-30 16:50:46] Got response: status=pending, verified=None
[2025-08-30 16:50:51] Started check for verification_id=d781fe0503a9f84baf3ba870a6a2dc67ec94
[2025-08-30 16:50:51] Got response: status=pending, verified=None
[2025-08-30 16:50:56] Started check for verification_id=d781fe0503a9f84baf3ba870a6a2dc67ec94
[2025-08-30 16:50:56] Got response: status=pending, verified=None
[2025-08-30 16:51:01] Started check for verification_id=d781fe0503a9f84baf3ba870a6a2dc67ec94
[2025-08-30 16:51:01] Got response: status=pending, verified=None
[2025-08-30 16:51:06] Started check for verification_id=d781fe0503a9f84baf3ba870a6a2dc67ec94
[2025-08-30 16:51:06] Got response: status=pending, verified=None
[2025-08-30 16:51:11] Started check for verification_id=d781fe0503a9f84baf3ba870a6a2dc67ec94
[2025-08-30 16:51:11] Got response: status=pending, verified=None
[2025-08-30 16:51:16] Started check for verification_id=d781fe0503a9f84baf3ba870a6a2dc67ec94
[2025-08-30 16:51:17] Got response: status=pending, verified=None
[2025-08-30 16:51:22] Started check for verification_id=d781fe0503a9f84baf3ba870a6a2dc67ec94
[2025-08-30 16:51:22] Got response: status=pending, verified=None
[2025-08-30 16:51:27] Started check for verification_id=d781fe0503a9f84baf3ba870a6a2dc67ec94
[2025-08-30 16:51:27] Got response: status=pending, verified=None
[2025-08-30 16:51:32] Started check for verification_id=d781fe0503a9f84baf3ba870a6a2dc67ec94
[2025-08-30 16:51:32] Got response: status=pending, verified=None
[2025-08-30 16:51:37] Started check for verification_id=d781fe0503a9f84baf3ba870a6a2dc67ec94
[2025-08-30 16:51:37] Got response: status=pending, verified=None
[2025-08-30 16:51:42] Started check for verification_id=d781fe0503a9f84baf3ba870a6a2dc67ec94
[2025-08-30 16:51:42] Got response: status=pending, verified=None
[2025-08-30 16:51:47] Started check for verification_id=d781fe0503a9f84baf3ba870a6a2dc67ec94
[2025-08-30 16:51:47] Got response: status=pending, verified=None
[2025-08-30 16:51:52] Started check for verification_id=d781fe0503a9f84baf3ba870a6a2dc67ec94
[2025-08-30 16:51:53] Got response: status=pending, verified=None
[2025-08-30 16:51:58] Started check for verification_id=d781fe0503a9f84baf3ba870a6a2dc67ec94
[2025-08-30 16:51:58] Got response: status=pending, verified=None
